<?xml version="1.0" encoding="UTF-8"?>
<testsuite xmlns:xsi="http://www.w3.org/2001/XMLSchema-instance" xsi:noNamespaceSchemaLocation="https://maven.apache.org/surefire/maven-surefire-plugin/xsd/surefire-test-report.xsd" name="com.example.AdderUnitTest" time="0.05" tests="2" errors="0" skipped="0" failures="0">
  <properties>
    <property name="java.specification.version" value="17"/>
    <property name="sun.cpu.isalist" value="amd64"/>
    <property name="sun.jnu.encoding" value="MS949"/>
    <property name="java.class.path" value="C:\vscode\Java\Calculator\demo\target\test-classes;C:\vscode\Java\Calculator\demo\target\classes;C:\Users\yesye\.m2\repository\org\junit\jupiter\junit-jupiter\5.10.2\junit-jupiter-5.10.2.jar;C:\Users\yesye\.m2\repository\org\junit\jupiter\junit-jupiter-api\5.10.2\junit-jupiter-api-5.10.2.jar;C:\Users\yesye\.m2\repository\org\opentest4j\opentest4j\1.3.0\opentest4j-1.3.0.jar;C:\Users\yesye\.m2\repository\org\junit\platform\junit-platform-commons\1.10.2\junit-platform-commons-1.10.2.jar;C:\Users\yesye\.m2\repository\org\apiguardian\apiguardian-api\1.1.2\apiguardian-api-1.1.2.jar;C:\Users\yesye\.m2\repository\org\junit\jupiter\junit-jupiter-params\5.10.2\junit-jupiter-params-5.10.2.jar;C:\Users\yesye\.m2\repository\org\junit\jupiter\junit-jupiter-engine\5.10.2\junit-jupiter-engine-5.10.2.jar;C:\Users\yesye\.m2\repository\org\junit\platform\junit-platform-engine\1.10.2\junit-platform-engine-1.10.2.jar;C:\Users\yesye\.m2\repository\org\mockito\mockito-core\5.11.0\mockito-core-5.11.0.jar;C:\Users\yesye\.m2\repository\net\bytebuddy\byte-buddy\1.14.12\byte-buddy-1.14.12.jar;C:\Users\yesye\.m2\repository\net\bytebuddy\byte-buddy-agent\1.14.12\byte-buddy-agent-1.14.12.jar;C:\Users\yesye\.m2\repository\org\objenesis\objenesis\3.3\objenesis-3.3.jar;"/>
    <property name="java.vm.vendor" value="Oracle Corporation"/>
    <property name="sun.arch.data.model" value="64"/>
    <property name="user.variant" value=""/>
    <property name="java.vendor.url" value="https://java.oracle.com/"/>
    <property name="user.timezone" value="Asia/Seoul"/>
    <property name="os.name" value="Windows 10"/>
    <property name="java.vm.specification.version" value="17"/>
    <property name="sun.java.launcher" value="SUN_STANDARD"/>
    <property name="user.country" value="KR"/>
    <property name="sun.boot.library.path" value="C:\Program Files\Java\jdk-17\bin"/>
    <property name="sun.java.command" value="C:\Users\yesye\AppData\Local\Temp\surefire9203477967907307893\surefirebooter2729430703454006299.jar C:\Users\yesye\AppData\Local\Temp\surefire9203477967907307893 2025-06-02T13-55-23_579-jvmRun1 surefire2600916382079458787tmp surefire_016054882591057098273tmp"/>
    <property name="jdk.debug" value="release"/>
    <property name="surefire.test.class.path" value="C:\vscode\Java\Calculator\demo\target\test-classes;C:\vscode\Java\Calculator\demo\target\classes;C:\Users\yesye\.m2\repository\org\junit\jupiter\junit-jupiter\5.10.2\junit-jupiter-5.10.2.jar;C:\Users\yesye\.m2\repository\org\junit\jupiter\junit-jupiter-api\5.10.2\junit-jupiter-api-5.10.2.jar;C:\Users\yesye\.m2\repository\org\opentest4j\opentest4j\1.3.0\opentest4j-1.3.0.jar;C:\Users\yesye\.m2\repository\org\junit\platform\junit-platform-commons\1.10.2\junit-platform-commons-1.10.2.jar;C:\Users\yesye\.m2\repository\org\apiguardian\apiguardian-api\1.1.2\apiguardian-api-1.1.2.jar;C:\Users\yesye\.m2\repository\org\junit\jupiter\junit-jupiter-params\5.10.2\junit-jupiter-params-5.10.2.jar;C:\Users\yesye\.m2\repository\org\junit\jupiter\junit-jupiter-engine\5.10.2\junit-jupiter-engine-5.10.2.jar;C:\Users\yesye\.m2\repository\org\junit\platform\junit-platform-engine\1.10.2\junit-platform-engine-1.10.2.jar;C:\Users\yesye\.m2\repository\org\mockito\mockito-core\5.11.0\mockito-core-5.11.0.jar;C:\Users\yesye\.m2\repository\net\bytebuddy\byte-buddy\1.14.12\byte-buddy-1.14.12.jar;C:\Users\yesye\.m2\repository\net\bytebuddy\byte-buddy-agent\1.14.12\byte-buddy-agent-1.14.12.jar;C:\Users\yesye\.m2\repository\org\objenesis\objenesis\3.3\objenesis-3.3.jar;"/>
    <property name="sun.cpu.endian" value="little"/>
    <property name="user.home" value="C:\Users\yesye"/>
    <property name="user.language" value="ko"/>
    <property name="java.specification.vendor" value="Oracle Corporation"/>
    <property name="java.version.date" value="2024-07-16"/>
    <property name="java.home" value="C:\Program Files\Java\jdk-17"/>
    <property name="file.separator" value="\"/>
    <property name="basedir" value="C:\vscode\Java\Calculator\demo"/>
    <property name="java.vm.compressedOopsMode" value="Zero based"/>
    <property name="line.separator" value="&#10;"/>
    <property name="java.vm.specification.vendor" value="Oracle Corporation"/>
    <property name="java.specification.name" value="Java Platform API Specification"/>
    <property name="surefire.real.class.path" value="C:\Users\yesye\AppData\Local\Temp\surefire9203477967907307893\surefirebooter2729430703454006299.jar"/>
    <property name="user.script" value=""/>
    <property name="sun.management.compiler" value="HotSpot 64-Bit Tiered Compilers"/>
    <property name="java.runtime.version" value="17.0.12+8-LTS-286"/>
    <property name="user.name" value="yesye"/>
    <property name="path.separator" value=";"/>
    <property name="os.version" value="10.0"/>
    <property name="java.runtime.name" value="Java(TM) SE Runtime Environment"/>
    <property name="file.encoding" value="MS949"/>
    <property name="java.vm.name" value="Java HotSpot(TM) 64-Bit Server VM"/>
    <property name="localRepository" value="C:\Users\yesye\.m2\repository"/>
    <property name="java.vendor.url.bug" value="https://bugreport.java.com/bugreport/"/>
    <property name="java.io.tmpdir" value="C:\Users\yesye\AppData\Local\Temp\"/>
    <property name="java.version" value="17.0.12"/>
    <property name="user.dir" value="C:\vscode\Java\Calculator\demo"/>
    <property name="os.arch" value="amd64"/>
    <property name="java.vm.specification.name" value="Java Virtual Machine Specification"/>
    <property name="sun.os.patch.level" value=""/>
    <property name="native.encoding" value="MS949"/>
    <property name="java.library.path" value="C:\Program Files\Java\jdk-17\bin;C:\Windows\Sun\Java\bin;C:\Windows\system32;C:\Windows;C:\MinGW\bin;C:\Python312\Scripts\;C:\Python312\;C:\WINDOWS\system64;C:\WINDOWS;C:\WINDOWS\System64\Wbem;C:\Users\yesye\anaconda3;C:\Users\yesye\anaconda3\Library\usr\bin;C:\Users\yesye\anaconda3\Library\bin;C:\Users\yesye\anaconda3\Library\mingw-w64\bin;C:\Users\yesye\anaconda3\Scripts;C:\Users\yesye\anaconda3\Scripts\anaconda;C:\Users\yesye\AppData\Local\Programs\Python\Python311\;C:\Users\yesye\AppData\Local\Microsoft\WindowsApps;C:\Users\yesye\AppData\Local\Programs\Microsoft VS Code\bin;C:\Program files\java\jdk1.8.0_333\bin;C:\Users\yesye\AppData\Local\GitHubDesktop\bin;C:\Users\yesye\AppData\Local\Microsoft\WindowsApps\python.exe;C:\Program Files\JetBrains\IntelliJ IDEA 2023.2.1\bin;C:\Users\yesye\Downloads\apache-maven-3.9.4-bin\apache-maven-3.9.4\bin;C:\msys64\ucrt64\bin;C:\Program Files\Amazon Corretto\jdk17.0.8_8\bin;C:\Program Files (x86)\Common Files\Oracle\Java\javapath;C:\Windows\system32;C:\Windows;C:\Windows\System32\Wbem;C:\Windows\System32\WindowsPowerShell\v1.0\;C:\Windows\System32\OpenSSH\;C:\Program Files\Git\cmd;C:\ProgramData\chocolatey\bin;C:\Users\yesye\AppData\Roaming\nvm;C:\Program Files\nodejs;C:\Program Files\MySQL\MySQL Server 8.0\bin;C:\Users\yesye\AppData\Roaming\Python\Python312\Scripts;C:\msys64\mingw64\bin;C:\Program Files\Java\jdk-17\bin;E:\SonarQube\sonar-scanner-7.1.0.4889-windows-x64\bin;E:\flutter\bin;C:\Users\yesye\Documents\flutter\bin;C:\Users\yesye\Downloads\apache-maven-3.9.4-bin\apache-maven-3.9.4\bin;C:\Users\yesye\anaconda3;C:\Users\yesye\anaconda3\Library\mingw-w64\bin;C:\Users\yesye\anaconda3\Library\usr\bin;C:\Users\yesye\anaconda3\Library\bin;C:\Users\yesye\anaconda3\Scripts;C:\Users\yesye\anaconda3\Scripts\anaconda;C:\Users\yesye\AppData\Local\Microsoft\WindowsApps;C:\Program files\java\jdk1.8.0_333\bin;C:\Users\yesye\AppData\Local\GitHubDesktop\bin;C:\Users\yesye\AppData\Local\Microsoft\WindowsApps\python.exe;C:\Program Files\JetBrains\IntelliJ IDEA 2024.2.3\bin;;C:\Users\yesye\Downloads\apache-maven-3.9.4-bin\apache-maven-3.9.4\bin;C:\msys64\mingw64\bin;C:\Users\yesye\AppData\Roaming\npm;C:\Users\yesye\AppData\Roaming\nvm;C:\Program Files\nodejs;E:\flutter\bin;C:\tools\dart-sdk\bin;C:\Users\yesye\AppData\Local\Pub\Cache\bin;C:\msys64\ucrt64\bin;C:\Users\yesye\AppData\Local\Programs\Microsoft VS Code\bin;E:\apache-maven-3.9.9-bin\apache-maven-3.9.9\bin;;."/>
    <property name="java.vm.info" value="mixed mode, sharing"/>
    <property name="java.vendor" value="Oracle Corporation"/>
    <property name="java.vm.version" value="17.0.12+8-LTS-286"/>
    <property name="sun.io.unicode.encoding" value="UnicodeLittle"/>
    <property name="java.class.version" value="61.0"/>
  </properties>
  <testcase name="edgeCaseTest" classname="com.example.AdderUnitTest" time="0.017"/>
  <testcase name="adderTest" classname="com.example.AdderUnitTest" time="0"/>
</testsuite>